<?xml version="1.0" encoding="UTF-8"?>
<!-- Generated by org.testng.reporters.JUnitReportReporter -->
<testsuite hostname="Avankia--242" failures="0" tests="3" name="FrameworkTest.FrameworkTest.StandAloneTest" time="28.598" errors="0" timestamp="2024-08-11T13:49:14 IST" skipped="0">
  <testcase classname="FrameworkTest.FrameworkTest.StandAloneTest" name="standAlone" time="9.916"/>
  <system-out/>
  <testcase classname="FrameworkTest.FrameworkTest.StandAloneTest" name="orderHistoryTest" time="6.366"/>
  <system-out/>
  <testcase classname="FrameworkTest.FrameworkTest.StandAloneTest" name="standAlone" time="12.316"/>
  <system-out/>
</testsuite> <!-- FrameworkTest.FrameworkTest.StandAloneTest -->
