<?xml version="1.0" encoding="UTF-8"?>
<!-- Generated by org.testng.reporters.JUnitReportReporter -->
<testsuite hostname="Avankia--242" failures="0" tests="1" name="FrameworkTest.FrameworkTest.SubmitOrder" time="6.427" errors="0" timestamp="2024-08-11T23:28:23 IST" skipped="0">
  <testcase classname="FrameworkTest.FrameworkTest.SubmitOrder" name="standAlone" time="6.427"/>
</testsuite> <!-- FrameworkTest.FrameworkTest.SubmitOrder -->
