<?xml version="1.0" encoding="UTF-8"?>
<!-- Generated by org.testng.reporters.JUnitReportReporter -->
<testsuite hostname="Avankia--242" failures="0" tests="3" name="FrameworkTest.FrameworkTest.StandAloneTest" time="30.556" errors="0" timestamp="2024-08-11T23:28:23 IST" skipped="0">
  <testcase classname="FrameworkTest.FrameworkTest.StandAloneTest" name="orderHistoryTest" time="6.297"/>
  <testcase classname="FrameworkTest.FrameworkTest.StandAloneTest" name="standAlone" time="11.571"/>
  <testcase classname="FrameworkTest.FrameworkTest.StandAloneTest" name="standAlone" time="12.688"/>
</testsuite> <!-- FrameworkTest.FrameworkTest.StandAloneTest -->
